<?xml version="1.0" encoding="UTF-8"?>
<!-- Generated by org.testng.reporters.JUnitReportReporter -->
<testsuite skipped="0" hostname="DESKTOP-NAKCCGJ" name="TestNG.TestDataProvider" tests="3" failures="0" timestamp="02 Aug 2020 11:13:50 GMT" time="61.942" errors="0">
  <testcase name="createUser" time="16.791" classname="TestNG.TestDataProvider"/>
  <testcase name="createUser" time="22.225" classname="TestNG.TestDataProvider"/>
  <testcase name="createUser" time="22.926" classname="TestNG.TestDataProvider"/>
</testsuite> <!-- TestNG.TestDataProvider -->
