<?xml version="1.0" encoding="UTF-8"?>
<!-- Generated by org.testng.reporters.JUnitReportReporter -->
<testsuite skipped="0" hostname="DESKTOP-NAKCCGJ" name="TestNG.DemoA" tests="1" failures="0" timestamp="02 Aug 2020 11:27:33 GMT" time="0.011" errors="0">
  <testcase name="test1" time="0.011" classname="TestNG.DemoA"/>
</testsuite> <!-- TestNG.DemoA -->
