<?xml version="1.0" encoding="UTF-8"?>
<!-- Generated by org.testng.reporters.JUnitReportReporter -->
<testsuite skipped="0" hostname="DESKTOP-NAKCCGJ" name="TestNG.DemoC" tests="1" failures="0" timestamp="27 Dec 2018 12:07:04 GMT" time="14.515" errors="0">
  <testcase name="testA" time="14.515" classname="TestNG.DemoC"/>
</testsuite> <!-- TestNG.DemoC -->
