<?xml version="1.0" encoding="UTF-8"?>
<!-- Generated by org.testng.reporters.JUnitReportReporter -->
<testsuite skipped="0" hostname="DESKTOP-NAKCCGJ" name="TestNG.TestNgAnotation" tests="1" failures="0" timestamp="31 Jul 2020 16:09:59 GMT" time="0.012" errors="0">
  <testcase name="f1" time="0.012" classname="TestNG.TestNgAnotation"/>
</testsuite> <!-- TestNG.TestNgAnotation -->
