<?xml version="1.0" encoding="UTF-8"?>
<!-- Generated by org.testng.reporters.JUnitReportReporter -->
<testsuite skipped="0" hostname="DESKTOP-NAKCCGJ" name="TestNG.TestParameter2" tests="1" failures="0" timestamp="17 Aug 2020 07:49:25 GMT" time="0.032" errors="0">
  <testcase name="f" time="0.032" classname="TestNG.TestParameter2"/>
</testsuite> <!-- TestNG.TestParameter2 -->
