<?xml version="1.0" encoding="UTF-8"?>
<!-- Generated by org.testng.reporters.JUnitReportReporter -->
<testsuite skipped="1" hostname="DESKTOP-NAKCCGJ" name="extrawork.DataProviderTest2" tests="1" failures="0" timestamp="10 Oct 2020 05:28:26 GMT" time="0.000" errors="0">
  <testcase name="test2" time="0.000" classname="extrawork.DataProviderTest2">
    <skipped/>
  </testcase> <!-- test2 -->
</testsuite> <!-- extrawork.DataProviderTest2 -->
