<?xml version="1.0" encoding="UTF-8"?>
<!-- Generated by org.testng.reporters.JUnitReportReporter -->
<testsuite skipped="0" hostname="DESKTOP-NAKCCGJ" name="TestNG.TestParameter" tests="1" failures="0" timestamp="17 Aug 2020 07:48:41 GMT" time="0.015" errors="0">
  <testcase name="f" time="0.015" classname="TestNG.TestParameter"/>
</testsuite> <!-- TestNG.TestParameter -->
