<?xml version="1.0" encoding="UTF-8"?>
<!-- Generated by org.testng.reporters.JUnitReportReporter -->
<testsuite skipped="0" hostname="DESKTOP-NAKCCGJ" name="TestNG.TestGrouping" tests="4" failures="0" timestamp="01 Dec 2020 17:47:32 GMT" time="0.060" errors="0">
  <testcase name="f4" time="0.030" classname="TestNG.TestGrouping"/>
  <testcase name="f3" time="0.003" classname="TestNG.TestGrouping"/>
  <testcase name="f5" time="0.002" classname="TestNG.TestGrouping"/>
  <testcase name="f1" time="0.025" classname="TestNG.TestGrouping"/>
</testsuite> <!-- TestNG.TestGrouping -->
