<?xml version="1.0" encoding="UTF-8"?>
<!-- Generated by org.testng.reporters.JUnitReportReporter -->
<testsuite skipped="0" hostname="DESKTOP-NAKCCGJ" name="TestNG.TestGroupingNew" tests="2" failures="0" timestamp="01 Dec 2020 17:47:32 GMT" time="0.004" errors="0">
  <testcase name="g2" time="0.002" classname="TestNG.TestGroupingNew"/>
  <testcase name="g3" time="0.002" classname="TestNG.TestGroupingNew"/>
</testsuite> <!-- TestNG.TestGroupingNew -->
