<?xml version="1.0" encoding="UTF-8"?>
<!-- Generated by org.testng.reporters.JUnitReportReporter -->
<testsuite skipped="1" hostname="DESKTOP-NAKCCGJ" name="SignUpPage.ValidSignUp" tests="1" failures="0" timestamp="25 Aug 2020 14:28:16 GMT" time="0.000" errors="0">
  <testcase name="companyInfo" time="0.000" classname="SignUpPage.ValidSignUp">
    <skipped/>
  </testcase> <!-- companyInfo -->
</testsuite> <!-- SignUpPage.ValidSignUp -->
