<?xml version="1.0" encoding="UTF-8"?>
<!-- Generated by org.testng.reporters.JUnitReportReporter -->
<testsuite skipped="0" hostname="DESKTOP-NAKCCGJ" name="TestNG.CompareGoogleImg" tests="1" failures="0" timestamp="02 Aug 2020 10:42:34 GMT" time="13.971" errors="0">
  <testcase name="f" time="13.971" classname="TestNG.CompareGoogleImg"/>
</testsuite> <!-- TestNG.CompareGoogleImg -->
