<?xml version="1.0" encoding="UTF-8"?>
<!-- Generated by org.testng.reporters.JUnitReportReporter -->
<testsuite skipped="0" hostname="DESKTOP-NAKCCGJ" name="qsp.demo17" tests="3" failures="0" timestamp="02 Aug 2020 10:07:24 GMT" time="0.015" errors="0">
  <testcase name="createUser" time="0.002" classname="qsp.demo17"/>
  <testcase name="createUser" time="0.002" classname="qsp.demo17"/>
  <testcase name="createUser" time="0.011" classname="qsp.demo17"/>
</testsuite> <!-- qsp.demo17 -->
