<?xml version="1.0" encoding="UTF-8"?>
<!-- Generated by org.testng.reporters.JUnitReportReporter -->
<testsuite skipped="1" hostname="DESKTOP-NAKCCGJ" name="TestNG.TestNgPrioritization" tests="4" failures="0" timestamp="31 Jul 2020 16:15:38 GMT" time="0.032" errors="0">
  <testcase name="b" time="0.006" classname="TestNG.TestNgPrioritization"/>
  <testcase name="f" time="0.023" classname="TestNG.TestNgPrioritization"/>
  <testcase name="a" time="0.003" classname="TestNG.TestNgPrioritization"/>
  <testcase name="h" classname="TestNG.TestNgPrioritization">
    <skipped/>
  </testcase> <!-- h -->
</testsuite> <!-- TestNG.TestNgPrioritization -->
