<?xml version="1.0" encoding="UTF-8"?>
<!-- Generated by org.testng.reporters.JUnitReportReporter -->
<testsuite skipped="0" hostname="DESKTOP-NAKCCGJ" name="qsp.demo16" tests="3" failures="0" timestamp="02 Aug 2020 10:10:17 GMT" time="0.025" errors="0">
  <testcase name="register" time="0.015" classname="qsp.demo16"/>
  <testcase name="register" time="0.008" classname="qsp.demo16"/>
  <testcase name="login" time="0.002" classname="qsp.demo16"/>
</testsuite> <!-- qsp.demo16 -->
