<?xml version="1.0" encoding="UTF-8"?>
<!-- Generated by org.testng.reporters.JUnitReportReporter -->
<testsuite skipped="0" hostname="DESKTOP-NAKCCGJ" name="extrawork.DataProviderTest1" tests="2" failures="0" timestamp="10 Oct 2020 04:22:49 GMT" time="0.045" errors="0">
  <testcase name="getData" time="0.001" classname="extrawork.DataProviderTest1"/>
  <testcase name="getData" time="0.044" classname="extrawork.DataProviderTest1"/>
</testsuite> <!-- extrawork.DataProviderTest1 -->
