<?xml version="1.0" encoding="UTF-8"?>
<!-- Generated by org.testng.reporters.JUnitReportReporter -->
<testsuite skipped="0" hostname="DESKTOP-NAKCCGJ" name="TestNG.DemoB" tests="2" failures="0" timestamp="26 Jan 2019 05:17:02 GMT" time="0.015" errors="0">
  <testcase name="testB2" time="0.000" classname="TestNG.DemoB"/>
  <testcase name="testB1" time="0.015" classname="TestNG.DemoB"/>
</testsuite> <!-- TestNG.DemoB -->
