<?xml version="1.0" encoding="UTF-8"?>
<!-- Generated by org.testng.reporters.JUnitReportReporter -->
<testsuite skipped="0" hostname="DESKTOP-NAKCCGJ" name="MyPackage.SignUpTest" tests="2" failures="0" timestamp="26 Aug 2020 03:34:37 GMT" time="22.661" errors="0">
  <testcase name="f1" time="18.388" classname="MyPackage.SignUpTest"/>
  <testcase name="f2" time="4.273" classname="MyPackage.SignUpTest"/>
</testsuite> <!-- MyPackage.SignUpTest -->
