<?xml version="1.0" encoding="UTF-8"?>
<!-- Generated by org.testng.reporters.JUnitReportReporter -->
<testsuite skipped="0" hostname="DESKTOP-NAKCCGJ" name="extrawork.D" tests="1" failures="0" timestamp="26 Jan 2019 04:58:57 GMT" time="0.018" errors="0">
  <testcase name="test" time="0.018" classname="extrawork.D"/>
</testsuite> <!-- extrawork.D -->
